# OS:   Windows 10; 10.0; amd64
# JVM:  Oracle Corporation; 14.0.2
# CPU:  Intel64 Family 6 Model 94 Stepping 3, GenuineIntel; 8 "cores"
# Date: 2020-09-17T10:35:40+0200
 425,0 ns +/-   817,60          2
 135,0 ns +/-    67,91          4
 115,0 ns +/-    38,55          8
 103,1 ns +/-    20,04         16
 110,3 ns +/-    43,83         32
  91,9 ns +/-     8,46         64
  48,8 ns +/-    52,13        128
  32,6 ns +/-     2,97        256
  31,3 ns +/-     1,35        512
  30,9 ns +/-     0,52       1024
  30,7 ns +/-     0,26       2048
  30,7 ns +/-     0,18       4096
  33,1 ns +/-     4,33       8192
  30,5 ns +/-     0,36      16384
  33,6 ns +/-    20,52      32768
  29,8 ns +/-     2,65      65536
  26,2 ns +/-     0,51     131072
  23,5 ns +/-     0,55     262144
  23,5 ns +/-     0,15     524288
  23,5 ns +/-     0,15    1048576
  23,5 ns +/-     0,13    2097152
  23,5 ns +/-     0,18    4194304
  23,5 ns +/-     0,06    8388608
  23,5 ns +/-     0,11   16777216
